
*** Running vivado
    with args -log FSM.vds -m64 -product Vivado -mode batch -messageDb vivado.pb -notrace -source FSM.tcl



****** Vivado v2022.2 (64-bit)
  **** SW Build 3671981 on Fri Oct 14 05:00:03 MDT 2022
  **** IP Build 3669848 on Fri Oct 14 08:30:02 MDT 2022
    ** Copyright 1986-2022 Xilinx, Inc. All Rights Reserved.

source FSM.tcl -notrace
Command: read_checkpoint -auto_incremental -incremental {C:/Users/Michael Loughran/40327859Coursework/40327859Coursework.srcs/utils_1/imports/synth_1/Accumulator.dcp}
INFO: [Vivado 12-5825] Read reference checkpoint from C:/Users/Michael Loughran/40327859Coursework/40327859Coursework.srcs/utils_1/imports/synth_1/Accumulator.dcp for incremental synthesis
INFO: [Vivado 12-7989] Please ensure there are no constraint changes
Command: synth_design -top FSM -part xc7k70tfbv676-1
Starting synth_design
Attempting to get a license for feature 'Synthesis' and/or device 'xc7k70t'
INFO: [Common 17-349] Got license for feature 'Synthesis' and/or device 'xc7k70t'
INFO: [Synth 8-7079] Multithreading enabled for synth_design using a maximum of 2 processes.
INFO: [Synth 8-7078] Launching helper process for spawning children vivado processes
INFO: [Synth 8-7075] Helper process launched with PID 19436
INFO: [Synth 8-11241] undeclared symbol 'REGCCE', assumed default net type 'wire' [C:/Xilinx/Vivado/2022.2/data/verilog/src/unimacro/BRAM_SINGLE_MACRO.v:2170]
---------------------------------------------------------------------------------
Starting Synthesize : Time (s): cpu = 00:00:04 ; elapsed = 00:00:05 . Memory (MB): peak = 834.379 ; gain = 408.801
---------------------------------------------------------------------------------
INFO: [Synth 8-6157] synthesizing module 'FSM' [C:/Users/Michael Loughran/40327859Coursework/40327859Coursework.srcs/sources_1/new/FSM.v:23]
INFO: [Synth 8-6157] synthesizing module 'ROM' [C:/Users/Michael Loughran/40327859Coursework/40327859Coursework.srcs/sources_1/new/ROM.v:23]
INFO: [Synth 8-226] default block is never used [C:/Users/Michael Loughran/40327859Coursework/40327859Coursework.srcs/sources_1/new/ROM.v:30]
INFO: [Synth 8-6155] done synthesizing module 'ROM' (0#1) [C:/Users/Michael Loughran/40327859Coursework/40327859Coursework.srcs/sources_1/new/ROM.v:23]
INFO: [Synth 8-6157] synthesizing module 'Accumulator' [C:/Users/Michael Loughran/40327859Coursework/40327859Coursework.srcs/sources_1/new/Accumulator.v:23]
INFO: [Synth 8-6155] done synthesizing module 'Accumulator' (0#1) [C:/Users/Michael Loughran/40327859Coursework/40327859Coursework.srcs/sources_1/new/Accumulator.v:23]
INFO: [Synth 8-6157] synthesizing module 'Subtraction' [C:/Users/Michael Loughran/40327859Coursework/40327859Coursework.srcs/sources_1/new/Subtraciton.v:23]
INFO: [Synth 8-6155] done synthesizing module 'Subtraction' (0#1) [C:/Users/Michael Loughran/40327859Coursework/40327859Coursework.srcs/sources_1/new/Subtraciton.v:23]
INFO: [Synth 8-155] case statement is not full and has no default [C:/Users/Michael Loughran/40327859Coursework/40327859Coursework.srcs/sources_1/new/FSM.v:64]
INFO: [Synth 8-6155] done synthesizing module 'FSM' (0#1) [C:/Users/Michael Loughran/40327859Coursework/40327859Coursework.srcs/sources_1/new/FSM.v:23]
---------------------------------------------------------------------------------
Finished Synthesize : Time (s): cpu = 00:00:05 ; elapsed = 00:00:06 . Memory (MB): peak = 924.156 ; gain = 498.578
---------------------------------------------------------------------------------
---------------------------------------------------------------------------------
Finished Constraint Validation : Time (s): cpu = 00:00:06 ; elapsed = 00:00:07 . Memory (MB): peak = 924.156 ; gain = 498.578
---------------------------------------------------------------------------------
---------------------------------------------------------------------------------
Start Loading Part and Timing Information
---------------------------------------------------------------------------------
Loading part: xc7k70tfbv676-1
---------------------------------------------------------------------------------
Finished Loading Part and Timing Information : Time (s): cpu = 00:00:06 ; elapsed = 00:00:07 . Memory (MB): peak = 924.156 ; gain = 498.578
---------------------------------------------------------------------------------
INFO: [Device 21-403] Loading part xc7k70tfbv676-1
---------------------------------------------------------------------------------
Start Preparing Guide Design
---------------------------------------------------------------------------------
CRITICAL WARNING: [Synth 8-6895] The reference checkpoint C:/Users/Michael Loughran/40327859Coursework/40327859Coursework.srcs/utils_1/imports/synth_1/Accumulator.dcp is not suitable for use with incremental synthesis for this design. Please regenerate the checkpoint for this design with -incremental_synth switch in the same Vivado session that synth_design has been run. Synthesis will continue with the default flow
---------------------------------------------------------------------------------
Finished Doing Graph Differ : Time (s): cpu = 00:00:06 ; elapsed = 00:00:07 . Memory (MB): peak = 924.156 ; gain = 498.578
---------------------------------------------------------------------------------
---------------------------------------------------------------------------------
Finished Preparing Guide Design : Time (s): cpu = 00:00:06 ; elapsed = 00:00:07 . Memory (MB): peak = 924.156 ; gain = 498.578
---------------------------------------------------------------------------------
INFO: [Synth 8-802] inferred FSM for state register 'state_reg' in module 'FSM'
---------------------------------------------------------------------------------------------------
                   State |                     New Encoding |                Previous Encoding 
---------------------------------------------------------------------------------------------------
                    idle |                              001 |                               00
                additems |                              010 |                               01
                 payment |                              100 |                               10
---------------------------------------------------------------------------------------------------
INFO: [Synth 8-3354] encoded FSM with state register 'state_reg' using encoding 'one-hot' in module 'FSM'
---------------------------------------------------------------------------------
Finished RTL Optimization Phase 2 : Time (s): cpu = 00:00:06 ; elapsed = 00:00:07 . Memory (MB): peak = 924.156 ; gain = 498.578
---------------------------------------------------------------------------------


Incremental Synthesis Report Summary:

1. Incremental synthesis run: no

   Reason for not running incremental synthesis : 


INFO: [Synth 8-7130] Flow is switching to default flow due to incremental criteria not met. If you would like to alter this behaviour and have the flow terminate instead, please set the following parameter config_implementation {autoIncr.Synth.RejectBehavior Terminate}
No constraint files found.
---------------------------------------------------------------------------------
Start RTL Component Statistics 
---------------------------------------------------------------------------------
Detailed RTL Component Info : 
+---Adders : 
	   3 Input   16 Bit       Adders := 1     
+---Registers : 
	                8 Bit    Registers := 1     
+---Muxes : 
	   2 Input   16 Bit        Muxes := 2     
	   3 Input    1 Bit        Muxes := 1     
---------------------------------------------------------------------------------
Finished RTL Component Statistics 
---------------------------------------------------------------------------------
---------------------------------------------------------------------------------
Start Part Resource Summary
---------------------------------------------------------------------------------
Part Resources:
DSPs: 240 (col length:80)
BRAMs: 270 (col length: RAMB18 80 RAMB36 40)
---------------------------------------------------------------------------------
Finished Part Resource Summary
---------------------------------------------------------------------------------
No constraint files found.
---------------------------------------------------------------------------------
Start Cross Boundary and Area Optimization
---------------------------------------------------------------------------------
WARNING: [Synth 8-7080] Parallel synthesis criteria is not met
---------------------------------------------------------------------------------
Finished Cross Boundary and Area Optimization : Time (s): cpu = 00:00:10 ; elapsed = 00:00:12 . Memory (MB): peak = 1108.199 ; gain = 682.621
---------------------------------------------------------------------------------
No constraint files found.
---------------------------------------------------------------------------------
Start Timing Optimization
---------------------------------------------------------------------------------
---------------------------------------------------------------------------------
Finished Timing Optimization : Time (s): cpu = 00:00:10 ; elapsed = 00:00:12 . Memory (MB): peak = 1108.199 ; gain = 682.621
---------------------------------------------------------------------------------
---------------------------------------------------------------------------------
Start Technology Mapping
---------------------------------------------------------------------------------
---------------------------------------------------------------------------------
Finished Technology Mapping : Time (s): cpu = 00:00:10 ; elapsed = 00:00:12 . Memory (MB): peak = 1108.340 ; gain = 682.762
---------------------------------------------------------------------------------
---------------------------------------------------------------------------------
Start IO Insertion
---------------------------------------------------------------------------------
---------------------------------------------------------------------------------
Start Flattening Before IO Insertion
---------------------------------------------------------------------------------
---------------------------------------------------------------------------------
Finished Flattening Before IO Insertion
---------------------------------------------------------------------------------
---------------------------------------------------------------------------------
Start Final Netlist Cleanup
---------------------------------------------------------------------------------
---------------------------------------------------------------------------------
Finished Final Netlist Cleanup
---------------------------------------------------------------------------------
---------------------------------------------------------------------------------
Finished IO Insertion : Time (s): cpu = 00:00:14 ; elapsed = 00:00:16 . Memory (MB): peak = 1109.145 ; gain = 683.566
---------------------------------------------------------------------------------
---------------------------------------------------------------------------------
Start Renaming Generated Instances
---------------------------------------------------------------------------------
---------------------------------------------------------------------------------
Finished Renaming Generated Instances : Time (s): cpu = 00:00:14 ; elapsed = 00:00:16 . Memory (MB): peak = 1109.145 ; gain = 683.566
---------------------------------------------------------------------------------
---------------------------------------------------------------------------------
Start Rebuilding User Hierarchy
---------------------------------------------------------------------------------
---------------------------------------------------------------------------------
Finished Rebuilding User Hierarchy : Time (s): cpu = 00:00:14 ; elapsed = 00:00:16 . Memory (MB): peak = 1109.145 ; gain = 683.566
---------------------------------------------------------------------------------
---------------------------------------------------------------------------------
Start Renaming Generated Ports
---------------------------------------------------------------------------------
---------------------------------------------------------------------------------
Finished Renaming Generated Ports : Time (s): cpu = 00:00:14 ; elapsed = 00:00:16 . Memory (MB): peak = 1109.145 ; gain = 683.566
---------------------------------------------------------------------------------
---------------------------------------------------------------------------------
Start Handling Custom Attributes
---------------------------------------------------------------------------------
---------------------------------------------------------------------------------
Finished Handling Custom Attributes : Time (s): cpu = 00:00:14 ; elapsed = 00:00:16 . Memory (MB): peak = 1109.145 ; gain = 683.566
---------------------------------------------------------------------------------
---------------------------------------------------------------------------------
Start Renaming Generated Nets
---------------------------------------------------------------------------------
---------------------------------------------------------------------------------
Finished Renaming Generated Nets : Time (s): cpu = 00:00:14 ; elapsed = 00:00:16 . Memory (MB): peak = 1109.145 ; gain = 683.566
---------------------------------------------------------------------------------
---------------------------------------------------------------------------------
Start Writing Synthesis Report
---------------------------------------------------------------------------------

Report BlackBoxes: 
+-+--------------+----------+
| |BlackBox name |Instances |
+-+--------------+----------+
+-+--------------+----------+

Report Cell Usage: 
+------+-------+------+
|      |Cell   |Count |
+------+-------+------+
|1     |BUFG   |     1|
|2     |CARRY4 |    10|
|3     |LUT2   |    32|
|4     |LUT3   |     9|
|5     |LUT4   |    24|
|6     |LUT5   |     2|
|7     |FDCE   |     2|
|8     |FDPE   |     1|
|9     |FDRE   |    24|
|10    |IBUF   |    23|
|11    |OBUF   |    34|
+------+-------+------+

Report Instance Areas: 
+------+-------------------+------------+------+
|      |Instance           |Module      |Cells |
+------+-------------------+------------+------+
|1     |top                |            |   162|
|2     |  accumulator_inst |Accumulator |    70|
|3     |  rom_inst         |ROM         |    24|
|4     |  subtraction_inst |Subtraction |     6|
+------+-------------------+------------+------+
---------------------------------------------------------------------------------
Finished Writing Synthesis Report : Time (s): cpu = 00:00:14 ; elapsed = 00:00:16 . Memory (MB): peak = 1109.145 ; gain = 683.566
---------------------------------------------------------------------------------
Synthesis finished with 0 errors, 1 critical warnings and 1 warnings.
Synthesis Optimization Runtime : Time (s): cpu = 00:00:14 ; elapsed = 00:00:16 . Memory (MB): peak = 1109.145 ; gain = 683.566
Synthesis Optimization Complete : Time (s): cpu = 00:00:14 ; elapsed = 00:00:16 . Memory (MB): peak = 1109.145 ; gain = 683.566
INFO: [Project 1-571] Translating synthesized netlist
Netlist sorting complete. Time (s): cpu = 00:00:00 ; elapsed = 00:00:00.003 . Memory (MB): peak = 1121.152 ; gain = 0.000
INFO: [Netlist 29-17] Analyzing 10 Unisim elements for replacement
INFO: [Netlist 29-28] Unisim Transformation completed in 0 CPU seconds
INFO: [Project 1-570] Preparing netlist for logic optimization
INFO: [Opt 31-138] Pushed 0 inverter(s) to 0 load pin(s).
Netlist sorting complete. Time (s): cpu = 00:00:00 ; elapsed = 00:00:00 . Memory (MB): peak = 1218.195 ; gain = 0.000
INFO: [Project 1-111] Unisim Transformation Summary:
No Unisim elements were transformed.

Synth Design complete, checksum: e540b50e
INFO: [Common 17-83] Releasing license: Synthesis
28 Infos, 1 Warnings, 1 Critical Warnings and 0 Errors encountered.
synth_design completed successfully
synth_design: Time (s): cpu = 00:00:15 ; elapsed = 00:00:18 . Memory (MB): peak = 1218.195 ; gain = 799.598
INFO: [runtcl-6] Synthesis results are not added to the cache due to CRITICAL_WARNING
INFO: [Common 17-1381] The checkpoint 'C:/Users/Michael Loughran/40327859Coursework/40327859Coursework.runs/synth_1/FSM.dcp' has been generated.
INFO: [runtcl-4] Executing : report_utilization -file FSM_utilization_synth.rpt -pb FSM_utilization_synth.pb
INFO: [Common 17-206] Exiting Vivado at Thu Apr 20 23:35:50 2023...
